Arguments: 
  C:\Program Files\nodejs\node.exe C:\Program Files (x86)\Yarn\bin\yarn.js

PATH: 
  Z:\.sys\miniperl\bin;Z:\.sys\php;C:\ProgramData\Oracle\Java\javapath;C:\WINDOWS\system32;C:\WINDOWS;C:\WINDOWS\System32\Wbem;C:\WINDOWS\System32\WindowsPowerShell\v1.0\;C:\Program Files\Git\cmd;C:\Users\parra\AppData\Roaming\nvm;C:\Program Files\nodejs;C:\Program Files (x86)\Yarn\bin;C:\Program Files (x86)\Bitvise SSH Client;C:\Program Files\Microsoft SQL Server\130\Tools\Binn\;C:\Program Files\dotnet\;C:\Program Files (x86)\Windows Kits\8.1\Windows Performance Toolkit\;C:\Program Files (x86)\Microsoft SQL Server\140\Tools\Binn\;C:\Program Files\Microsoft SQL Server\140\Tools\Binn\;C:\Program Files\Microsoft SQL Server\Client SDK\ODBC\130\Tools\Binn\;C:\Program Files\Microsoft SQL Server\140\DTS\Binn\;C:\Program Files (x86)\Microsoft SQL Server\Client SDK\ODBC\130\Tools\Binn\;C:\Program Files (x86)\Microsoft SQL Server\140\DTS\Binn\;C:\Program Files (x86)\Microsoft SQL Server\140\Tools\Binn\ManagementStudio\;C:\Users\parra\AppData\Local\Microsoft\WindowsApps;C:\Program Files\Microsoft VS Code\bin;C:\Android\sdk\platform-tools;C:\Users\parra\AppData\Roaming\nvm;C:\Program Files\nodejs;C:\MinGW\bin;C:\Users\parra\AppData\Local\Yarn\bin;C:\Users\parra\Downloads\php;C:\Users\parra\Anaconda3;C:\Users\parra\Anaconda3\Scripts;

Yarn version: 
  1.0.1

Node version: 
  8.6.0

Platform: 
  win32 x64

npm manifest: 
  {
    "name": "Traffic_Light_System",
    "description": "UTEP Class Project",
    "version": "0.0.1",
    "author": {
      "name": "Justin Parra",
      "email": "jrparra2@miners.utep.edu",
      "url": "https://utep.edu"
    },
    "license": "MIT",
    "repository": {
      "type": "git",
      "url": "https://github.com/qpt4000/Electron-Veq"
    },
    "main": "main.js",
    "scripts": {
      "depcheck": "dependency-check app --entry main.js --unused --no-dev",
      "lint": "standard",
      "start": "electron ./app/main",
      "clean:linux": "rimraf dist/linux",
      "clean:osx": "rimraf dist/darwin-x64",
      "clean:win": "rimraf dist/win",
      "clean": "npm run clean:linux && npm run clean:win && npm run clean:osx",
      "pack:osx": "build --platform=darwin",
      "pack:win": "npm run pack:win64 && npm run pack:win32",
      "pack:win32": "build --platform=win32 --arch=ia32",
      "pack:win64": "build --platform=win32 --arch=x64",
      "pack:linux": "npm run pack:lin64 && npm run pack:lin32",
      "pack:lin32": "build --platform=linux --arch=ia32",
      "pack:lin64": "build --platform=linux --arch=x64",
      "pack": "build --platform=all --arch=x64,ia32",
      "prebuild": "node build/target.js",
      "postbuild": "node build/target.js --clean",
      "prebuild:osx": "npm run prebuild",
      "postbuild:osx": "npm run postbuild",
      "build:osx": "build --platform=darwin -d",
      "build:win": "npm run build:win64 && npm run build:win32",
      "build:win32": "build --platform=win32 --arch=ia32 -d",
      "build:win64": "build --platform=win32 --arch=x64 -d",
      "build:linux": "npm run build:lin64 && npm run build:lin32 -d",
      "build:lin32": "build --platform=linux --arch=ia32 -d",
      "build:lin64": "build --platform=linux --arch=x64 -d",
      "build": "build --platform=all --arch=x64,ia32 -d",
      "postinstall": "install-app-deps"
    },
    "standard": {
      "globals": [
        "describe",
        "after",
        "it",
        "before",
        "beforeEach",
        "afterEach",
        "rm",
        "cp"
      ]
    },
    "pre-commit": [
      "lint",
      "unit"
    ],
    "keywords": [
      "electron-app",
      "electron"
    ],
    "build": {
      "app-bundle-id": "skelektron",
      "app-category-type": "public.app-category.business",
      "osx": {
        "title": "SkelEktron",
        "icon-size": 120,
        "contents": [
          {
            "x": 478,
            "y": 170,
            "type": "link",
            "path": "/Applications"
          },
          {
            "x": 130,
            "y": 170,
            "type": "file"
          }
        ]
      },
      "win": {
        "msi": false
      }
    },
    "devDependencies": {
      "async": "^1.5",
      "dependency-check": "^2.5",
      "electron-builder": "^3",
      "electron-is-dev": "^0.1.2",
      "electron-prebuilt": "^1",
      "eslint": "^3.3.1",
      "eslint-config-idiomatic": "^2.1.0",
      "pre-commit": "^1.1",
      "shelljs": "^0.7",
      "standard": "^7"
    }
  }

yarn manifest: 
  No manifest

Lockfile: 
  No lockfile

Trace: 
  Error: https://registry.yarnpkg.com/async: tunneling socket could not be established, cause=getaddrinfo ENOTFOUND one.proxy.att.com one.proxy.att.com:8080
      at ClientRequest.onError (C:\Program Files (x86)\Yarn\lib\cli.js:131546:17)
      at Object.onceWrapper (events.js:316:30)
      at emitOne (events.js:115:13)
      at ClientRequest.emit (events.js:210:7)
      at Socket.socketErrorListener (_http_client.js:401:9)
      at emitOne (events.js:115:13)
      at Socket.emit (events.js:210:7)
      at emitErrorNT (internal/streams/destroy.js:64:8)
      at _combinedTickCallback (internal/process/next_tick.js:138:11)
      at process._tickCallback (internal/process/next_tick.js:180:9)
